2019-08-16 13:13:34,301 [Worker-4: Loading available Gradle versions] INFO  o.e.b.c.i.u.g.PublishedGradleVersions - Gradle version information cache is out-of-date. Trying to update.
2019-08-16 13:23:33,831 [Worker-3: Loading available Gradle versions] INFO  o.e.b.c.i.u.g.PublishedGradleVersions - Gradle version information cache is up-to-date. Trying to read.
2019-08-19 21:33:55,391 [Worker-6: Loading available Gradle versions] INFO  o.e.b.c.i.u.g.PublishedGradleVersions - Gradle version information cache is out-of-date. Trying to update.
2019-08-19 21:36:07,592 [Worker-1: Creating maven-archetype-quickstart] INFO  o.e.m.c.i.p.ProjectConfigurationManager - Collecting project info '/pom.xml' C:\Users\apope\Documents\Workspaces\jUnit Course\Course Projects\HelloJunit5\pom.xml
2019-08-19 21:36:15,278 [Worker-1: Creating maven-archetype-quickstart] INFO  o.e.m.c.i.l.LifecycleMappingFactory - Using org.eclipse.m2e.jdt.JarLifecycleMapping lifecycle mapping for MavenProject: com.apope.jUnit5:HelloJunit5:0.0.1-SNAPSHOT @ C:\Users\apope\Documents\Workspaces\jUnit Course\Course Projects\HelloJunit5\pom.xml.
2019-08-19 21:36:17,064 [Worker-1: Creating maven-archetype-quickstart] INFO  o.e.m.j.i.AbstractJavaProjectConfigurator - Adding source folder /HelloJunit5/src/main/java
2019-08-19 21:36:17,075 [Worker-1: Creating maven-archetype-quickstart] INFO  o.e.m.j.i.AbstractJavaProjectConfigurator - Adding source folder /HelloJunit5/src/test/java
2019-08-19 21:36:17,244 [Worker-1: Creating maven-archetype-quickstart] INFO  o.e.m.c.i.p.ProjectConfigurationManager - Imported and configured 1 project(s) in 9 sec
2019-08-19 21:36:19,053 [Worker-1: Building workspace] INFO  o.e.m.c.i.embedder.EclipseLogger - Using 'UTF-8' encoding to copy filtered resources.
2019-08-19 21:36:19,054 [Worker-1: Building workspace] INFO  o.e.m.c.i.embedder.EclipseLogger - skip non existing resourceDirectory C:\Users\apope\Documents\Workspaces\jUnit Course\Course Projects\HelloJunit5\src\main\resources
2019-08-19 21:36:19,057 [Worker-1: Building workspace] INFO  o.e.m.c.i.embedder.EclipseLogger - Using 'UTF-8' encoding to copy filtered resources.
2019-08-19 21:36:19,057 [Worker-1: Building workspace] INFO  o.e.m.c.i.embedder.EclipseLogger - skip non existing resourceDirectory C:\Users\apope\Documents\Workspaces\jUnit Course\Course Projects\HelloJunit5\src\test\resources
2019-08-19 21:42:58,472 [Worker-15: Building Workspace] INFO  o.e.m.c.i.l.LifecycleMappingFactory - Using org.eclipse.m2e.jdt.JarLifecycleMapping lifecycle mapping for MavenProject: com.apope.jUnit5:HelloJunit5:0.0.1-SNAPSHOT @ C:\Users\apope\Documents\Workspaces\jUnit Course\Course Projects\HelloJunit5\pom.xml.
2019-08-19 21:42:58,825 [Worker-15: Building Workspace] INFO  o.e.m.c.i.e.AbstractTransferListenerAdapter - Downloading https://repo.maven.apache.org/maven2/org/junit/jupiter/junit-jupiter-engine/5.5.1/junit-jupiter-engine-5.5.1.pom
2019-08-19 21:42:58,858 [Worker-15: Building Workspace] INFO  o.e.m.c.i.e.AbstractTransferListenerAdapter - Downloaded https://repo.maven.apache.org/maven2/org/junit/jupiter/junit-jupiter-engine/5.5.1/junit-jupiter-engine-5.5.1.pom
2019-08-19 21:42:58,906 [Worker-15: Building Workspace] INFO  o.e.m.c.i.e.AbstractTransferListenerAdapter - Downloading https://repo.maven.apache.org/maven2/org/junit/platform/junit-platform-engine/1.5.1/junit-platform-engine-1.5.1.pom
2019-08-19 21:42:58,939 [Worker-15: Building Workspace] INFO  o.e.m.c.i.e.AbstractTransferListenerAdapter - Downloaded https://repo.maven.apache.org/maven2/org/junit/platform/junit-platform-engine/1.5.1/junit-platform-engine-1.5.1.pom
2019-08-19 21:42:58,985 [Worker-15: Building Workspace] INFO  o.e.m.c.i.e.AbstractTransferListenerAdapter - Downloading https://repo.maven.apache.org/maven2/org/junit/platform/junit-platform-commons/1.5.1/junit-platform-commons-1.5.1.pom
2019-08-19 21:42:59,030 [Worker-15: Building Workspace] INFO  o.e.m.c.i.e.AbstractTransferListenerAdapter - Downloaded https://repo.maven.apache.org/maven2/org/junit/platform/junit-platform-commons/1.5.1/junit-platform-commons-1.5.1.pom
2019-08-19 21:42:59,070 [Worker-15: Building Workspace] INFO  o.e.m.c.i.e.AbstractTransferListenerAdapter - Downloading https://repo.maven.apache.org/maven2/org/junit/jupiter/junit-jupiter-api/5.5.1/junit-jupiter-api-5.5.1.pom
2019-08-19 21:42:59,110 [Worker-15: Building Workspace] INFO  o.e.m.c.i.e.AbstractTransferListenerAdapter - Downloaded https://repo.maven.apache.org/maven2/org/junit/jupiter/junit-jupiter-api/5.5.1/junit-jupiter-api-5.5.1.pom
2019-08-19 21:42:59,148 [Worker-15: Building Workspace] INFO  o.e.m.c.i.e.AbstractTransferListenerAdapter - Downloading https://repo.maven.apache.org/maven2/org/junit/vintage/junit-vintage-engine/5.5.1/junit-vintage-engine-5.5.1.pom
2019-08-19 21:42:59,207 [Worker-15: Building Workspace] INFO  o.e.m.c.i.e.AbstractTransferListenerAdapter - Downloaded https://repo.maven.apache.org/maven2/org/junit/vintage/junit-vintage-engine/5.5.1/junit-vintage-engine-5.5.1.pom
2019-08-19 21:42:59,308 [Worker-15: Building Workspace] INFO  o.e.m.c.i.e.AbstractTransferListenerAdapter - Downloading https://repo.maven.apache.org/maven2/org/junit/jupiter/junit-jupiter-engine/5.5.1/junit-jupiter-engine-5.5.1.jar
2019-08-19 21:42:59,697 [Worker-15: Building Workspace] INFO  o.e.m.c.i.e.AbstractTransferListenerAdapter - Downloaded https://repo.maven.apache.org/maven2/org/junit/jupiter/junit-jupiter-engine/5.5.1/junit-jupiter-engine-5.5.1.jar
2019-08-19 21:42:59,717 [Worker-15: Building Workspace] INFO  o.e.m.c.i.e.AbstractTransferListenerAdapter - Downloading https://repo.maven.apache.org/maven2/org/junit/platform/junit-platform-engine/1.5.1/junit-platform-engine-1.5.1.jar
2019-08-19 21:43:00,017 [Worker-15: Building Workspace] INFO  o.e.m.c.i.e.AbstractTransferListenerAdapter - Downloaded https://repo.maven.apache.org/maven2/org/junit/platform/junit-platform-engine/1.5.1/junit-platform-engine-1.5.1.jar
2019-08-19 21:43:00,042 [Worker-15: Building Workspace] INFO  o.e.m.c.i.e.AbstractTransferListenerAdapter - Downloading https://repo.maven.apache.org/maven2/org/junit/platform/junit-platform-commons/1.5.1/junit-platform-commons-1.5.1.jar
2019-08-19 21:43:00,192 [Worker-15: Building Workspace] INFO  o.e.m.c.i.e.AbstractTransferListenerAdapter - Downloaded https://repo.maven.apache.org/maven2/org/junit/platform/junit-platform-commons/1.5.1/junit-platform-commons-1.5.1.jar
2019-08-19 21:43:00,212 [Worker-15: Building Workspace] INFO  o.e.m.c.i.e.AbstractTransferListenerAdapter - Downloading https://repo.maven.apache.org/maven2/org/junit/jupiter/junit-jupiter-api/5.5.1/junit-jupiter-api-5.5.1.jar
2019-08-19 21:43:00,423 [Worker-15: Building Workspace] INFO  o.e.m.c.i.e.AbstractTransferListenerAdapter - Downloaded https://repo.maven.apache.org/maven2/org/junit/jupiter/junit-jupiter-api/5.5.1/junit-jupiter-api-5.5.1.jar
2019-08-19 21:43:00,443 [Worker-15: Building Workspace] INFO  o.e.m.c.i.e.AbstractTransferListenerAdapter - Downloading https://repo.maven.apache.org/maven2/org/junit/vintage/junit-vintage-engine/5.5.1/junit-vintage-engine-5.5.1.jar
2019-08-19 21:43:00,547 [Worker-15: Building Workspace] INFO  o.e.m.c.i.e.AbstractTransferListenerAdapter - Downloaded https://repo.maven.apache.org/maven2/org/junit/vintage/junit-vintage-engine/5.5.1/junit-vintage-engine-5.5.1.jar
2019-08-19 21:43:01,679 [Worker-15: Building Workspace] INFO  o.e.m.c.i.embedder.EclipseLogger - Using 'UTF-8' encoding to copy filtered resources.
2019-08-19 21:43:01,694 [Worker-15: Building Workspace] INFO  o.e.m.c.i.embedder.EclipseLogger - skip non existing resourceDirectory C:\Users\apope\Documents\Workspaces\jUnit Course\Course Projects\HelloJunit5\src\main\resources
2019-08-19 21:43:01,761 [Worker-15: Building Workspace] INFO  o.e.m.c.i.embedder.EclipseLogger - Using 'UTF-8' encoding to copy filtered resources.
2019-08-19 21:43:01,776 [Worker-15: Building Workspace] INFO  o.e.m.c.i.embedder.EclipseLogger - skip non existing resourceDirectory C:\Users\apope\Documents\Workspaces\jUnit Course\Course Projects\HelloJunit5\src\test\resources
2019-08-19 21:43:02,113 [Worker-18: Building workspace] INFO  o.e.m.c.i.embedder.EclipseLogger - Using 'UTF-8' encoding to copy filtered resources.
2019-08-19 21:43:02,124 [Worker-18: Building workspace] INFO  o.e.m.c.i.embedder.EclipseLogger - skip non existing resourceDirectory C:\Users\apope\Documents\Workspaces\jUnit Course\Course Projects\HelloJunit5\src\main\resources
2019-08-19 21:43:02,126 [Worker-18: Building workspace] INFO  o.e.m.c.i.embedder.EclipseLogger - Using 'UTF-8' encoding to copy filtered resources.
2019-08-19 21:43:02,126 [Worker-18: Building workspace] INFO  o.e.m.c.i.embedder.EclipseLogger - skip non existing resourceDirectory C:\Users\apope\Documents\Workspaces\jUnit Course\Course Projects\HelloJunit5\src\test\resources
2019-08-19 21:43:02,230 [Worker-16: Download sources and javadoc] INFO  o.e.m.c.i.e.AbstractTransferListenerAdapter - Downloading https://repo.maven.apache.org/maven2/org/junit/jupiter/junit-jupiter-engine/5.5.1/junit-jupiter-engine-5.5.1-sources.jar
2019-08-19 21:43:02,316 [Worker-16: Download sources and javadoc] INFO  o.e.m.c.i.e.AbstractTransferListenerAdapter - Downloaded https://repo.maven.apache.org/maven2/org/junit/jupiter/junit-jupiter-engine/5.5.1/junit-jupiter-engine-5.5.1-sources.jar
2019-08-19 21:43:02,527 [Worker-16: Download sources and javadoc] INFO  o.e.m.j.internal.DownloadSourcesJob - Downloaded sources for org.junit.jupiter:junit-jupiter-engine:5.5.1
2019-08-19 21:43:02,643 [Worker-16: Download sources and javadoc] INFO  o.e.m.c.i.e.AbstractTransferListenerAdapter - Downloading https://repo.maven.apache.org/maven2/org/apiguardian/apiguardian-api/1.1.0/apiguardian-api-1.1.0-sources.jar
2019-08-19 21:43:02,707 [Worker-16: Download sources and javadoc] INFO  o.e.m.c.i.e.AbstractTransferListenerAdapter - Downloaded https://repo.maven.apache.org/maven2/org/apiguardian/apiguardian-api/1.1.0/apiguardian-api-1.1.0-sources.jar
2019-08-19 21:43:02,955 [Worker-16: Download sources and javadoc] INFO  o.e.m.j.internal.DownloadSourcesJob - Downloaded sources for org.apiguardian:apiguardian-api:1.1.0
2019-08-19 21:43:03,091 [Worker-16: Download sources and javadoc] INFO  o.e.m.c.i.e.AbstractTransferListenerAdapter - Downloading https://repo.maven.apache.org/maven2/org/junit/platform/junit-platform-engine/1.5.1/junit-platform-engine-1.5.1-sources.jar
2019-08-19 21:43:03,180 [Worker-16: Download sources and javadoc] INFO  o.e.m.c.i.e.AbstractTransferListenerAdapter - Downloaded https://repo.maven.apache.org/maven2/org/junit/platform/junit-platform-engine/1.5.1/junit-platform-engine-1.5.1-sources.jar
2019-08-19 21:43:03,276 [Worker-16: Download sources and javadoc] INFO  o.e.m.j.internal.DownloadSourcesJob - Downloaded sources for org.junit.platform:junit-platform-engine:1.5.1
2019-08-19 21:43:03,431 [Worker-16: Download sources and javadoc] INFO  o.e.m.c.i.e.AbstractTransferListenerAdapter - Downloading https://repo.maven.apache.org/maven2/org/opentest4j/opentest4j/1.2.0/opentest4j-1.2.0-sources.jar
2019-08-19 21:43:03,557 [Worker-16: Download sources and javadoc] INFO  o.e.m.c.i.e.AbstractTransferListenerAdapter - Downloaded https://repo.maven.apache.org/maven2/org/opentest4j/opentest4j/1.2.0/opentest4j-1.2.0-sources.jar
2019-08-19 21:43:03,676 [Worker-16: Download sources and javadoc] INFO  o.e.m.j.internal.DownloadSourcesJob - Downloaded sources for org.opentest4j:opentest4j:1.2.0
2019-08-19 21:43:03,832 [Worker-16: Download sources and javadoc] INFO  o.e.m.c.i.e.AbstractTransferListenerAdapter - Downloading https://repo.maven.apache.org/maven2/org/junit/platform/junit-platform-commons/1.5.1/junit-platform-commons-1.5.1-sources.jar
2019-08-19 21:43:03,912 [Worker-16: Download sources and javadoc] INFO  o.e.m.c.i.e.AbstractTransferListenerAdapter - Downloaded https://repo.maven.apache.org/maven2/org/junit/platform/junit-platform-commons/1.5.1/junit-platform-commons-1.5.1-sources.jar
2019-08-19 21:43:04,012 [Worker-16: Download sources and javadoc] INFO  o.e.m.j.internal.DownloadSourcesJob - Downloaded sources for org.junit.platform:junit-platform-commons:1.5.1
2019-08-19 21:43:04,134 [Worker-16: Download sources and javadoc] INFO  o.e.m.c.i.e.AbstractTransferListenerAdapter - Downloading https://repo.maven.apache.org/maven2/org/junit/jupiter/junit-jupiter-api/5.5.1/junit-jupiter-api-5.5.1-sources.jar
2019-08-19 21:43:04,271 [Worker-16: Download sources and javadoc] INFO  o.e.m.c.i.e.AbstractTransferListenerAdapter - Downloaded https://repo.maven.apache.org/maven2/org/junit/jupiter/junit-jupiter-api/5.5.1/junit-jupiter-api-5.5.1-sources.jar
2019-08-19 21:43:04,347 [Worker-16: Download sources and javadoc] INFO  o.e.m.j.internal.DownloadSourcesJob - Downloaded sources for org.junit.jupiter:junit-jupiter-api:5.5.1
2019-08-19 21:43:04,470 [Worker-16: Download sources and javadoc] INFO  o.e.m.c.i.e.AbstractTransferListenerAdapter - Downloading https://repo.maven.apache.org/maven2/org/junit/vintage/junit-vintage-engine/5.5.1/junit-vintage-engine-5.5.1-sources.jar
2019-08-19 21:43:04,669 [Worker-16: Download sources and javadoc] INFO  o.e.m.c.i.e.AbstractTransferListenerAdapter - Downloaded https://repo.maven.apache.org/maven2/org/junit/vintage/junit-vintage-engine/5.5.1/junit-vintage-engine-5.5.1-sources.jar
2019-08-19 21:43:04,755 [Worker-16: Download sources and javadoc] INFO  o.e.m.j.internal.DownloadSourcesJob - Downloaded sources for org.junit.vintage:junit-vintage-engine:5.5.1
2019-08-19 21:43:04,942 [Worker-17: Building workspace] INFO  o.e.m.c.i.embedder.EclipseLogger - Using 'UTF-8' encoding to copy filtered resources.
2019-08-19 21:43:04,942 [Worker-17: Building workspace] INFO  o.e.m.c.i.embedder.EclipseLogger - skip non existing resourceDirectory C:\Users\apope\Documents\Workspaces\jUnit Course\Course Projects\HelloJunit5\src\main\resources
2019-08-19 21:43:04,947 [Worker-17: Building workspace] INFO  o.e.m.c.i.embedder.EclipseLogger - Using 'UTF-8' encoding to copy filtered resources.
2019-08-19 21:43:04,947 [Worker-17: Building workspace] INFO  o.e.m.c.i.embedder.EclipseLogger - skip non existing resourceDirectory C:\Users\apope\Documents\Workspaces\jUnit Course\Course Projects\HelloJunit5\src\test\resources
2019-08-19 21:43:13,294 [Worker-15: Building workspace] INFO  o.e.m.c.i.embedder.EclipseLogger - Using 'UTF-8' encoding to copy filtered resources.
2019-08-19 21:43:13,294 [Worker-15: Building workspace] INFO  o.e.m.c.i.embedder.EclipseLogger - skip non existing resourceDirectory C:\Users\apope\Documents\Workspaces\jUnit Course\Course Projects\HelloJunit5\src\main\resources
2019-08-19 21:43:13,295 [Worker-15: Building workspace] INFO  o.e.m.c.i.embedder.EclipseLogger - Using 'UTF-8' encoding to copy filtered resources.
2019-08-19 21:43:13,296 [Worker-15: Building workspace] INFO  o.e.m.c.i.embedder.EclipseLogger - skip non existing resourceDirectory C:\Users\apope\Documents\Workspaces\jUnit Course\Course Projects\HelloJunit5\src\test\resources
2019-08-19 21:43:17,110 [Worker-16: Building workspace] INFO  o.e.m.c.i.embedder.EclipseLogger - Using 'UTF-8' encoding to copy filtered resources.
2019-08-19 21:43:17,117 [Worker-16: Building workspace] INFO  o.e.m.c.i.embedder.EclipseLogger - skip non existing resourceDirectory C:\Users\apope\Documents\Workspaces\jUnit Course\Course Projects\HelloJunit5\src\main\resources
2019-08-19 21:43:17,124 [Worker-16: Building workspace] INFO  o.e.m.c.i.embedder.EclipseLogger - Using 'UTF-8' encoding to copy filtered resources.
2019-08-19 21:43:17,125 [Worker-16: Building workspace] INFO  o.e.m.c.i.embedder.EclipseLogger - skip non existing resourceDirectory C:\Users\apope\Documents\Workspaces\jUnit Course\Course Projects\HelloJunit5\src\test\resources
2019-08-19 21:43:23,697 [Worker-1: Building workspace] INFO  o.e.m.c.i.embedder.EclipseLogger - Using 'UTF-8' encoding to copy filtered resources.
2019-08-19 21:43:23,697 [Worker-1: Building workspace] INFO  o.e.m.c.i.embedder.EclipseLogger - skip non existing resourceDirectory C:\Users\apope\Documents\Workspaces\jUnit Course\Course Projects\HelloJunit5\src\main\resources
2019-08-19 21:43:23,698 [Worker-1: Building workspace] INFO  o.e.m.c.i.embedder.EclipseLogger - Using 'UTF-8' encoding to copy filtered resources.
2019-08-19 21:43:23,698 [Worker-1: Building workspace] INFO  o.e.m.c.i.embedder.EclipseLogger - skip non existing resourceDirectory C:\Users\apope\Documents\Workspaces\jUnit Course\Course Projects\HelloJunit5\src\test\resources
2019-08-19 21:43:28,065 [Worker-17: Building workspace] INFO  o.e.m.c.i.embedder.EclipseLogger - Using 'UTF-8' encoding to copy filtered resources.
2019-08-19 21:43:28,070 [Worker-17: Building workspace] INFO  o.e.m.c.i.embedder.EclipseLogger - skip non existing resourceDirectory C:\Users\apope\Documents\Workspaces\jUnit Course\Course Projects\HelloJunit5\src\main\resources
2019-08-19 21:43:28,077 [Worker-17: Building workspace] INFO  o.e.m.c.i.embedder.EclipseLogger - Using 'UTF-8' encoding to copy filtered resources.
2019-08-19 21:43:28,077 [Worker-17: Building workspace] INFO  o.e.m.c.i.embedder.EclipseLogger - skip non existing resourceDirectory C:\Users\apope\Documents\Workspaces\jUnit Course\Course Projects\HelloJunit5\src\test\resources
2019-08-19 21:49:27,170 [Worker-15: Building workspace] INFO  o.e.m.c.i.embedder.EclipseLogger - Using 'UTF-8' encoding to copy filtered resources.
2019-08-19 21:49:27,171 [Worker-15: Building workspace] INFO  o.e.m.c.i.embedder.EclipseLogger - skip non existing resourceDirectory C:\Users\apope\Documents\Workspaces\jUnit Course\Course Projects\HelloJunit5\src\main\resources
2019-08-19 21:49:27,179 [Worker-15: Building workspace] INFO  o.e.m.c.i.embedder.EclipseLogger - Using 'UTF-8' encoding to copy filtered resources.
2019-08-19 21:49:27,179 [Worker-15: Building workspace] INFO  o.e.m.c.i.embedder.EclipseLogger - skip non existing resourceDirectory C:\Users\apope\Documents\Workspaces\jUnit Course\Course Projects\HelloJunit5\src\test\resources
2019-08-19 21:49:56,918 [Worker-20: Building workspace] INFO  o.e.m.c.i.embedder.EclipseLogger - Using 'UTF-8' encoding to copy filtered resources.
2019-08-19 21:49:56,961 [Worker-20: Building workspace] INFO  o.e.m.c.i.embedder.EclipseLogger - skip non existing resourceDirectory C:\Users\apope\Documents\Workspaces\jUnit Course\Course Projects\HelloJunit5\src\main\resources
2019-08-19 21:49:56,977 [Worker-20: Building workspace] INFO  o.e.m.c.i.embedder.EclipseLogger - Using 'UTF-8' encoding to copy filtered resources.
2019-08-19 21:49:56,978 [Worker-20: Building workspace] INFO  o.e.m.c.i.embedder.EclipseLogger - skip non existing resourceDirectory C:\Users\apope\Documents\Workspaces\jUnit Course\Course Projects\HelloJunit5\src\test\resources
2019-08-19 21:50:23,294 [Worker-19: Building workspace] INFO  o.e.m.c.i.embedder.EclipseLogger - Using 'UTF-8' encoding to copy filtered resources.
2019-08-19 21:50:23,295 [Worker-19: Building workspace] INFO  o.e.m.c.i.embedder.EclipseLogger - skip non existing resourceDirectory C:\Users\apope\Documents\Workspaces\jUnit Course\Course Projects\HelloJunit5\src\main\resources
2019-08-19 21:50:23,296 [Worker-19: Building workspace] INFO  o.e.m.c.i.embedder.EclipseLogger - Using 'UTF-8' encoding to copy filtered resources.
2019-08-19 21:50:23,296 [Worker-19: Building workspace] INFO  o.e.m.c.i.embedder.EclipseLogger - skip non existing resourceDirectory C:\Users\apope\Documents\Workspaces\jUnit Course\Course Projects\HelloJunit5\src\test\resources
2019-08-19 21:50:30,144 [Worker-19: Building workspace] INFO  o.e.m.c.i.embedder.EclipseLogger - Using 'UTF-8' encoding to copy filtered resources.
2019-08-19 21:50:30,150 [Worker-19: Building workspace] INFO  o.e.m.c.i.embedder.EclipseLogger - skip non existing resourceDirectory C:\Users\apope\Documents\Workspaces\jUnit Course\Course Projects\HelloJunit5\src\main\resources
2019-08-19 21:50:30,159 [Worker-19: Building workspace] INFO  o.e.m.c.i.embedder.EclipseLogger - Using 'UTF-8' encoding to copy filtered resources.
2019-08-19 21:50:30,159 [Worker-19: Building workspace] INFO  o.e.m.c.i.embedder.EclipseLogger - skip non existing resourceDirectory C:\Users\apope\Documents\Workspaces\jUnit Course\Course Projects\HelloJunit5\src\test\resources
2019-08-19 21:50:40,674 [Worker-19: Building workspace] INFO  o.e.m.c.i.embedder.EclipseLogger - Using 'UTF-8' encoding to copy filtered resources.
2019-08-19 21:50:40,674 [Worker-19: Building workspace] INFO  o.e.m.c.i.embedder.EclipseLogger - skip non existing resourceDirectory C:\Users\apope\Documents\Workspaces\jUnit Course\Course Projects\HelloJunit5\src\main\resources
2019-08-19 21:50:40,676 [Worker-19: Building workspace] INFO  o.e.m.c.i.embedder.EclipseLogger - Using 'UTF-8' encoding to copy filtered resources.
2019-08-19 21:50:40,676 [Worker-19: Building workspace] INFO  o.e.m.c.i.embedder.EclipseLogger - skip non existing resourceDirectory C:\Users\apope\Documents\Workspaces\jUnit Course\Course Projects\HelloJunit5\src\test\resources
